<?xml version="1.0" encoding="UTF-8"?>
<!-- Generated by org.testng.reporters.JUnitReportReporter -->
<testsuite hostname="DESKTOP-OA1FVHR" failures="0" tests="1" name="com.e_banking.testCases.TC_LoginTest_001" time="0.823" errors="0" timestamp="28 Oct 2022 10:54:33 GMT" skipped="0">
  <testcase classname="com.e_banking.testCases.TC_LoginTest_001" name="loginTest" time="0.823"/>
</testsuite> <!-- com.e_banking.testCases.TC_LoginTest_001 -->
